{"meta": {"format": 3, "version": "7.12.0", "timestamp": "2025-11-27T22:47:49.108929", "branch_coverage": false, "show_contexts": false}, "files": {"app/agents/browser/__init__.py": {"executed_lines": [0], "summary": {"covered_lines": 0, "num_statements": 0, "percent_covered": 100.0, "percent_covered_display": "100", "missing_lines": 0, "excluded_lines": 0, "percent_statements_covered": 100.0, "percent_statements_covered_display": "100"}, "missing_lines": [], "excluded_lines": [], "functions": {"": {"executed_lines": [], "summary": {"covered_lines": 0, "num_statements": 0, "percent_covered": 100.0, "percent_covered_display": "100", "missing_lines": 0, "excluded_lines": 0, "percent_statements_covered": 100.0, "percent_statements_covered_display": "100"}, "missing_lines": [], "excluded_lines": []}}, "classes": {"": {"executed_lines": [], "summary": {"covered_lines": 0, "num_statements": 0, "percent_covered": 100.0, "percent_covered_display": "100", "missing_lines": 0, "excluded_lines": 0, "percent_statements_covered": 100.0, "percent_statements_covered_display": "100"}, "missing_lines": [], "excluded_lines": []}}}, "app/agents/browser/extractor.py": {"executed_lines": [2, 4, 5, 6, 7, 8, 9, 10, 12, 14, 15, 16, 17, 18, 19, 21, 23, 28, 36, 38, 49, 50, 51, 53, 56, 57, 58, 59, 62, 71, 88, 89, 94, 133, 201, 247, 265, 282, 353, 373, 386, 387, 391, 392], "summary": {"covered_lines": 44, "num_statements": 253, "percent_covered": 17.391304347826086, "percent_covered_display": "17", "missing_lines": 209, "excluded_lines": 0, "percent_statements_covered": 17.391304347826086, "percent_statements_covered_display": "17"}, "missing_lines": [63, 64, 65, 66, 67, 68, 72, 74, 75, 76, 77, 78, 79, 80, 81, 82, 83, 84, 85, 90, 91, 92, 107, 116, 117, 119, 120, 121, 122, 124, 125, 148, 149, 150, 151, 152, 154, 155, 157, 158, 159, 160, 161, 162, 163, 164, 165, 166, 167, 177, 178, 179, 181, 182, 183, 184, 185, 187, 188, 189, 190, 192, 193, 213, 214, 215, 217, 218, 219, 220, 221, 223, 224, 225, 226, 228, 229, 230, 231, 232, 233, 235, 237, 238, 239, 241, 242, 243, 245, 248, 249, 250, 252, 253, 254, 256, 257, 258, 259, 260, 261, 262, 263, 266, 267, 268, 269, 270, 271, 272, 274, 275, 276, 277, 278, 279, 280, 288, 289, 290, 291, 292, 293, 294, 296, 297, 298, 299, 300, 301, 302, 303, 304, 306, 307, 308, 309, 310, 311, 312, 313, 314, 315, 316, 317, 318, 319, 320, 322, 323, 324, 325, 326, 327, 328, 329, 330, 331, 332, 333, 334, 335, 336, 337, 339, 340, 341, 342, 343, 344, 345, 346, 347, 348, 349, 350, 351, 354, 355, 356, 357, 358, 359, 360, 361, 362, 363, 364, 365, 366, 367, 368, 369, 370, 371, 374, 375, 376, 377, 378, 379, 380, 381, 382, 383, 384, 388, 389, 393], "excluded_lines": [], "functions": {"_is_blocked_host": {"executed_lines": [], "summary": {"covered_lines": 0, "num_statements": 6, "percent_covered": 0.0, "percent_covered_display": "0", "missing_lines": 6, "excluded_lines": 0, "percent_statements_covered": 0.0, "percent_statements_covered_display": "0"}, "missing_lines": [63, 64, 65, 66, 67, 68], "excluded_lines": []}, "looks_like_product_url": {"executed_lines": [], "summary": {"covered_lines": 0, "num_statements": 13, "percent_covered": 0.0, "percent_covered_display": "0", "missing_lines": 13, "excluded_lines": 0, "percent_statements_covered": 0.0, "percent_statements_covered_display": "0"}, "missing_lines": [72, 74, 75, 76, 77, 78, 79, 80, 81, 82, 83, 84, 85], "excluded_lines": []}, "BrowserExtractionService.__init__": {"executed_lines": [], "summary": {"covered_lines": 0, "num_statements": 3, "percent_covered": 0.0, "percent_covered_display": "0", "missing_lines": 3, "excluded_lines": 0, "percent_statements_covered": 0.0, "percent_statements_covered_display": "0"}, "missing_lines": [90, 91, 92], "excluded_lines": []}, "BrowserExtractionService.extract_single_pdp": {"executed_lines": [], "summary": {"covered_lines": 0, "num_statements": 9, "percent_covered": 0.0, "percent_covered_display": "0", "missing_lines": 9, "excluded_lines": 0, "percent_statements_covered": 0.0, "percent_statements_covered_display": "0"}, "missing_lines": [107, 116, 117, 119, 120, 121, 122, 124, 125], "excluded_lines": []}, "BrowserExtractionService.extract_from_pdp_list": {"executed_lines": [], "summary": {"covered_lines": 0, "num_statements": 14, "percent_covered": 0.0, "percent_covered_display": "0", "missing_lines": 14, "excluded_lines": 0, "percent_statements_covered": 0.0, "percent_statements_covered_display": "0"}, "missing_lines": [148, 149, 150, 151, 152, 154, 155, 157, 187, 188, 189, 190, 192, 193], "excluded_lines": []}, "BrowserExtractionService.extract_from_pdp_list.worker": {"executed_lines": [], "summary": {"covered_lines": 0, "num_statements": 18, "percent_covered": 0.0, "percent_covered_display": "0", "missing_lines": 18, "excluded_lines": 0, "percent_statements_covered": 0.0, "percent_statements_covered_display": "0"}, "missing_lines": [158, 159, 160, 161, 162, 163, 164, 165, 166, 167, 177, 178, 179, 181, 182, 183, 184, 185], "excluded_lines": []}, "BrowserExtractionService._extract_from_pdp": {"executed_lines": [], "summary": {"covered_lines": 0, "num_statements": 26, "percent_covered": 0.0, "percent_covered_display": "0", "missing_lines": 26, "excluded_lines": 0, "percent_statements_covered": 0.0, "percent_statements_covered_display": "0"}, "missing_lines": [213, 214, 215, 217, 218, 219, 220, 221, 223, 224, 225, 226, 228, 229, 230, 231, 232, 233, 235, 237, 238, 239, 241, 242, 243, 245], "excluded_lines": []}, "BrowserExtractionService._extract_price_with_size_option": {"executed_lines": [], "summary": {"covered_lines": 0, "num_statements": 14, "percent_covered": 0.0, "percent_covered_display": "0", "missing_lines": 14, "excluded_lines": 0, "percent_statements_covered": 0.0, "percent_statements_covered_display": "0"}, "missing_lines": [248, 249, 250, 252, 253, 254, 256, 257, 258, 259, 260, 261, 262, 263], "excluded_lines": []}, "BrowserExtractionService._read_price_or_none": {"executed_lines": [], "summary": {"covered_lines": 0, "num_statements": 14, "percent_covered": 0.0, "percent_covered_display": "0", "missing_lines": 14, "excluded_lines": 0, "percent_statements_covered": 0.0, "percent_statements_covered_display": "0"}, "missing_lines": [266, 267, 268, 269, 270, 271, 272, 274, 275, 276, 277, 278, 279, 280], "excluded_lines": []}, "BrowserExtractionService._click_size_to_reveal_price": {"executed_lines": [], "summary": {"covered_lines": 0, "num_statements": 52, "percent_covered": 0.0, "percent_covered_display": "0", "missing_lines": 52, "excluded_lines": 0, "percent_statements_covered": 0.0, "percent_statements_covered_display": "0"}, "missing_lines": [288, 289, 290, 291, 292, 293, 294, 296, 306, 307, 308, 309, 310, 311, 312, 313, 314, 315, 316, 317, 318, 319, 320, 322, 323, 324, 325, 326, 327, 328, 329, 330, 331, 332, 333, 334, 335, 336, 337, 339, 340, 341, 342, 343, 344, 345, 346, 347, 348, 349, 350, 351], "excluded_lines": []}, "BrowserExtractionService._click_size_to_reveal_price.btn_label_at": {"executed_lines": [], "summary": {"covered_lines": 0, "num_statements": 8, "percent_covered": 0.0, "percent_covered_display": "0", "missing_lines": 8, "excluded_lines": 0, "percent_statements_covered": 0.0, "percent_statements_covered_display": "0"}, "missing_lines": [297, 298, 299, 300, 301, 302, 303, 304], "excluded_lines": []}, "BrowserExtractionService._extract_ld_json_price": {"executed_lines": [], "summary": {"covered_lines": 0, "num_statements": 18, "percent_covered": 0.0, "percent_covered_display": "0", "missing_lines": 18, "excluded_lines": 0, "percent_statements_covered": 0.0, "percent_statements_covered_display": "0"}, "missing_lines": [354, 355, 356, 357, 358, 359, 360, 361, 362, 363, 364, 365, 366, 367, 368, 369, 370, 371], "excluded_lines": []}, "BrowserExtractionService._extract_meta_price": {"executed_lines": [], "summary": {"covered_lines": 0, "num_statements": 11, "percent_covered": 0.0, "percent_covered_display": "0", "missing_lines": 11, "excluded_lines": 0, "percent_statements_covered": 0.0, "percent_statements_covered_display": "0"}, "missing_lines": [374, 375, 376, 377, 378, 379, 380, 381, 382, 383, 384], "excluded_lines": []}, "BrowserExtractionService._time_left_ms": {"executed_lines": [], "summary": {"covered_lines": 0, "num_statements": 2, "percent_covered": 0.0, "percent_covered_display": "0", "missing_lines": 2, "excluded_lines": 0, "percent_statements_covered": 0.0, "percent_statements_covered_display": "0"}, "missing_lines": [388, 389], "excluded_lines": []}, "BrowserExtractionService._slice_timeout_ms": {"executed_lines": [], "summary": {"covered_lines": 0, "num_statements": 1, "percent_covered": 0.0, "percent_covered_display": "0", "missing_lines": 1, "excluded_lines": 0, "percent_statements_covered": 0.0, "percent_statements_covered_display": "0"}, "missing_lines": [393], "excluded_lines": []}, "": {"executed_lines": [2, 4, 5, 6, 7, 8, 9, 10, 12, 14, 15, 16, 17, 18, 19, 21, 23, 28, 36, 38, 49, 50, 51, 53, 56, 57, 58, 59, 62, 71, 88, 89, 94, 133, 201, 247, 265, 282, 353, 373, 386, 387, 391, 392], "summary": {"covered_lines": 44, "num_statements": 44, "percent_covered": 100.0, "percent_covered_display": "100", "missing_lines": 0, "excluded_lines": 0, "percent_statements_covered": 100.0, "percent_statements_covered_display": "100"}, "missing_lines": [], "excluded_lines": []}}, "classes": {"PDPSizeSelectPolicy": {"executed_lines": [], "summary": {"covered_lines": 0, "num_statements": 0, "percent_covered": 100.0, "percent_covered_display": "100", "missing_lines": 0, "excluded_lines": 0, "percent_statements_covered": 100.0, "percent_statements_covered_display": "100"}, "missing_lines": [], "excluded_lines": []}, "BrowserExtractionService": {"executed_lines": [], "summary": {"covered_lines": 0, "num_statements": 190, "percent_covered": 0.0, "percent_covered_display": "0", "missing_lines": 190, "excluded_lines": 0, "percent_statements_covered": 0.0, "percent_statements_covered_display": "0"}, "missing_lines": [90, 91, 92, 107, 116, 117, 119, 120, 121, 122, 124, 125, 148, 149, 150, 151, 152, 154, 155, 157, 158, 159, 160, 161, 162, 163, 164, 165, 166, 167, 177, 178, 179, 181, 182, 183, 184, 185, 187, 188, 189, 190, 192, 193, 213, 214, 215, 217, 218, 219, 220, 221, 223, 224, 225, 226, 228, 229, 230, 231, 232, 233, 235, 237, 238, 239, 241, 242, 243, 245, 248, 249, 250, 252, 253, 254, 256, 257, 258, 259, 260, 261, 262, 263, 266, 267, 268, 269, 270, 271, 272, 274, 275, 276, 277, 278, 279, 280, 288, 289, 290, 291, 292, 293, 294, 296, 297, 298, 299, 300, 301, 302, 303, 304, 306, 307, 308, 309, 310, 311, 312, 313, 314, 315, 316, 317, 318, 319, 320, 322, 323, 324, 325, 326, 327, 328, 329, 330, 331, 332, 333, 334, 335, 336, 337, 339, 340, 341, 342, 343, 344, 345, 346, 347, 348, 349, 350, 351, 354, 355, 356, 357, 358, 359, 360, 361, 362, 363, 364, 365, 366, 367, 368, 369, 370, 371, 374, 375, 376, 377, 378, 379, 380, 381, 382, 383, 384, 388, 389, 393], "excluded_lines": []}, "": {"executed_lines": [2, 4, 5, 6, 7, 8, 9, 10, 12, 14, 15, 16, 17, 18, 19, 21, 23, 28, 36, 38, 49, 50, 51, 53, 56, 57, 58, 59, 62, 71, 88, 89, 94, 133, 201, 247, 265, 282, 353, 373, 386, 387, 391, 392], "summary": {"covered_lines": 44, "num_statements": 63, "percent_covered": 69.84126984126983, "percent_covered_display": "70", "missing_lines": 19, "excluded_lines": 0, "percent_statements_covered": 69.84126984126983, "percent_statements_covered_display": "70"}, "missing_lines": [63, 64, 65, 66, 67, 68, 72, 74, 75, 76, 77, 78, 79, 80, 81, 82, 83, 84, 85], "excluded_lines": []}}}, "app/agents/browser/moncler_patch.py": {"executed_lines": [], "summary": {"covered_lines": 0, "num_statements": 80, "percent_covered": 0.0, "percent_covered_display": "0", "missing_lines": 80, "excluded_lines": 0, "percent_statements_covered": 0.0, "percent_statements_covered_display": "0"}, "missing_lines": [12, 13, 14, 15, 16, 17, 19, 20, 23, 31, 32, 33, 34, 35, 36, 37, 38, 39, 40, 41, 42, 43, 44, 45, 48, 50, 51, 52, 56, 57, 58, 59, 60, 61, 62, 63, 64, 65, 66, 67, 70, 86, 87, 94, 95, 96, 98, 99, 100, 101, 102, 105, 115, 117, 118, 120, 122, 123, 124, 125, 127, 128, 129, 130, 131, 134, 137, 140, 146, 153, 154, 155, 156, 157, 158, 159, 160, 162, 164, 165], "excluded_lines": [], "functions": {"normalize_to_en_int_url": {"executed_lines": [], "summary": {"covered_lines": 0, "num_statements": 15, "percent_covered": 0.0, "percent_covered_display": "0", "missing_lines": 15, "excluded_lines": 0, "percent_statements_covered": 0.0, "percent_statements_covered_display": "0"}, "missing_lines": [31, 32, 33, 34, 35, 36, 37, 38, 39, 40, 41, 42, 43, 44, 45], "excluded_lines": []}, "force_en_int": {"executed_lines": [], "summary": {"covered_lines": 0, "num_statements": 15, "percent_covered": 0.0, "percent_covered_display": "0", "missing_lines": 15, "excluded_lines": 0, "percent_statements_covered": 0.0, "percent_statements_covered_display": "0"}, "missing_lines": [50, 51, 52, 56, 57, 58, 59, 60, 61, 62, 63, 64, 65, 66, 67], "excluded_lines": []}, "force_plp_recover": {"executed_lines": [], "summary": {"covered_lines": 0, "num_statements": 10, "percent_covered": 0.0, "percent_covered_display": "0", "missing_lines": 10, "excluded_lines": 0, "percent_statements_covered": 0.0, "percent_statements_covered_display": "0"}, "missing_lines": [86, 87, 94, 95, 96, 98, 99, 100, 101, 102], "excluded_lines": []}, "looks_like_trap_or_legal": {"executed_lines": [], "summary": {"covered_lines": 0, "num_statements": 28, "percent_covered": 0.0, "percent_covered_display": "0", "missing_lines": 28, "excluded_lines": 0, "percent_statements_covered": 0.0, "percent_statements_covered_display": "0"}, "missing_lines": [115, 117, 118, 120, 122, 123, 124, 125, 127, 128, 129, 130, 131, 134, 137, 140, 146, 153, 154, 155, 156, 157, 158, 159, 160, 162, 164, 165], "excluded_lines": []}, "": {"executed_lines": [], "summary": {"covered_lines": 0, "num_statements": 12, "percent_covered": 0.0, "percent_covered_display": "0", "missing_lines": 12, "excluded_lines": 0, "percent_statements_covered": 0.0, "percent_statements_covered_display": "0"}, "missing_lines": [12, 13, 14, 15, 16, 17, 19, 20, 23, 48, 70, 105], "excluded_lines": []}}, "classes": {"": {"executed_lines": [], "summary": {"covered_lines": 0, "num_statements": 80, "percent_covered": 0.0, "percent_covered_display": "0", "missing_lines": 80, "excluded_lines": 0, "percent_statements_covered": 0.0, "percent_statements_covered_display": "0"}, "missing_lines": [12, 13, 14, 15, 16, 17, 19, 20, 23, 31, 32, 33, 34, 35, 36, 37, 38, 39, 40, 41, 42, 43, 44, 45, 48, 50, 51, 52, 56, 57, 58, 59, 60, 61, 62, 63, 64, 65, 66, 67, 70, 86, 87, 94, 95, 96, 98, 99, 100, 101, 102, 105, 115, 117, 118, 120, 122, 123, 124, 125, 127, 128, 129, 130, 131, 134, 137, 140, 146, 153, 154, 155, 156, 157, 158, 159, 160, 162, 164, 165], "excluded_lines": []}}}, "app/agents/browser/navigation_driver.py": {"executed_lines": [7, 18, 20, 21, 22, 23, 24, 25, 26, 28, 30, 34, 35, 43, 46, 49, 59, 64, 67, 68, 69, 70, 71, 72, 73, 74, 75, 76, 77, 78, 81, 82, 83, 84, 85, 86, 87, 88, 89, 90, 92, 94, 95, 98, 99, 108, 130, 282, 414, 436, 463, 484, 562, 575, 585, 723, 728, 747, 769, 849, 863, 886, 1026, 1056, 1132, 1229], "summary": {"covered_lines": 61, "num_statements": 679, "percent_covered": 8.98379970544919, "percent_covered_display": "9", "missing_lines": 618, "excluded_lines": 2, "percent_statements_covered": 8.98379970544919, "percent_statements_covered_display": "9"}, "missing_lines": [36, 38, 40, 41, 51, 52, 53, 54, 55, 56, 57, 61, 125, 126, 127, 128, 145, 146, 149, 150, 153, 155, 156, 157, 158, 159, 160, 163, 164, 165, 167, 169, 171, 174, 177, 180, 182, 183, 185, 188, 189, 190, 191, 192, 193, 194, 195, 198, 199, 200, 201, 203, 204, 205, 206, 207, 208, 211, 213, 218, 221, 223, 224, 225, 228, 229, 230, 231, 232, 233, 234, 235, 238, 239, 242, 243, 244, 245, 246, 247, 248, 249, 250, 251, 252, 253, 254, 257, 258, 259, 260, 261, 262, 263, 265, 266, 267, 270, 271, 275, 280, 302, 303, 304, 305, 306, 307, 310, 311, 312, 313, 314, 315, 316, 317, 318, 319, 320, 321, 322, 325, 326, 340, 341, 342, 343, 344, 345, 346, 347, 348, 349, 350, 351, 352, 353, 354, 355, 356, 357, 360, 361, 362, 363, 364, 365, 366, 367, 368, 369, 370, 371, 373, 374, 375, 376, 433, 434, 445, 446, 447, 449, 450, 452, 453, 454, 455, 456, 457, 458, 481, 482, 497, 499, 500, 502, 504, 505, 506, 507, 509, 510, 511, 512, 513, 516, 519, 522, 528, 547, 548, 549, 550, 551, 552, 553, 554, 556, 558, 559, 564, 565, 566, 567, 568, 569, 570, 571, 572, 573, 577, 578, 579, 580, 581, 582, 583, 593, 595, 598, 599, 600, 601, 602, 603, 604, 605, 608, 609, 610, 611, 612, 613, 615, 616, 619, 663, 664, 665, 667, 668, 672, 714, 716, 717, 718, 720, 725, 726, 730, 731, 732, 733, 734, 735, 736, 737, 738, 739, 740, 741, 742, 743, 744, 745, 749, 750, 758, 759, 760, 761, 762, 763, 764, 765, 766, 767, 771, 778, 779, 780, 781, 782, 783, 784, 786, 787, 788, 789, 790, 791, 792, 793, 794, 795, 796, 797, 798, 799, 801, 802, 803, 807, 808, 809, 811, 812, 813, 814, 815, 817, 828, 829, 830, 831, 832, 834, 841, 842, 843, 844, 845, 846, 847, 851, 852, 860, 861, 868, 869, 876, 877, 878, 880, 881, 882, 883, 884, 894, 895, 896, 897, 898, 899, 901, 902, 915, 916, 917, 918, 920, 921, 923, 924, 925, 926, 927, 930, 931, 932, 933, 934, 935, 936, 937, 938, 939, 940, 941, 943, 944, 945, 946, 947, 948, 949, 950, 951, 952, 953, 955, 956, 957, 961, 962, 964, 965, 966, 967, 968, 969, 970, 971, 972, 973, 974, 977, 978, 979, 980, 981, 987, 988, 989, 990, 991, 992, 994, 995, 996, 997, 998, 999, 1000, 1001, 1002, 1003, 1004, 1005, 1006, 1007, 1008, 1009, 1010, 1011, 1012, 1013, 1014, 1015, 1016, 1017, 1019, 1020, 1021, 1022, 1023, 1024, 1028, 1029, 1037, 1038, 1039, 1040, 1041, 1042, 1043, 1044, 1045, 1046, 1047, 1048, 1049, 1050, 1051, 1052, 1053, 1054, 1070, 1071, 1073, 1074, 1075, 1076, 1077, 1079, 1080, 1081, 1082, 1083, 1084, 1085, 1087, 1088, 1089, 1091, 1092, 1093, 1094, 1095, 1096, 1097, 1098, 1099, 1108, 1109, 1110, 1111, 1112, 1113, 1114, 1115, 1116, 1117, 1118, 1119, 1120, 1121, 1122, 1123, 1124, 1125, 1126, 1128, 1129, 1130, 1139, 1140, 1141, 1142, 1143, 1144, 1146, 1147, 1153, 1163, 1165, 1166, 1167, 1168, 1169, 1170, 1171, 1172, 1173, 1174, 1175, 1176, 1177, 1178, 1179, 1180, 1181, 1182, 1183, 1184, 1185, 1186, 1187, 1188, 1189, 1190, 1191, 1192, 1193, 1194, 1195, 1196, 1197, 1198, 1199, 1200, 1201, 1202, 1203, 1204, 1205, 1206, 1207, 1208, 1209, 1210, 1211, 1212, 1213, 1214, 1215, 1216, 1217, 1218, 1219, 1220, 1221, 1222, 1223, 1224, 1225, 1226, 1227, 1235, 1236, 1237, 1239, 1240, 1241, 1243, 1244, 1245, 1249, 1250, 1252, 1253, 1254, 1255, 1256, 1257, 1258, 1259, 1260, 1261, 1262, 1265, 1266, 1267, 1268, 1270, 1277, 1278, 1279, 1280, 1281, 1282, 1283, 1286, 1287, 1288, 1289, 1291, 1292], "excluded_lines": [30, 31], "functions": {"is_same_origin": {"executed_lines": [], "summary": {"covered_lines": 0, "num_statements": 7, "percent_covered": 0.0, "percent_covered_display": "0", "missing_lines": 7, "excluded_lines": 0, "percent_statements_covered": 0.0, "percent_statements_covered_display": "0"}, "missing_lines": [51, 52, 53, 54, 55, 56, 57], "excluded_lines": []}, "_dedupe_keep_order": {"executed_lines": [], "summary": {"covered_lines": 0, "num_statements": 1, "percent_covered": 0.0, "percent_covered_display": "0", "missing_lines": 1, "excluded_lines": 0, "percent_statements_covered": 0.0, "percent_statements_covered_display": "0"}, "missing_lines": [61], "excluded_lines": []}, "NavigationOutcome.__post_init__": {"executed_lines": [94, 95], "summary": {"covered_lines": 2, "num_statements": 2, "percent_covered": 100.0, "percent_covered_display": "100", "missing_lines": 0, "excluded_lines": 0, "percent_statements_covered": 100.0, "percent_statements_covered_display": "100"}, "missing_lines": [], "excluded_lines": []}, "NavigationDriver.__init__": {"executed_lines": [], "summary": {"covered_lines": 0, "num_statements": 4, "percent_covered": 0.0, "percent_covered_display": "0", "missing_lines": 4, "excluded_lines": 0, "percent_statements_covered": 0.0, "percent_statements_covered_display": "0"}, "missing_lines": [125, 126, 127, 128], "excluded_lines": []}, "NavigationDriver.run_plp_flow": {"executed_lines": [], "summary": {"covered_lines": 0, "num_statements": 85, "percent_covered": 0.0, "percent_covered_display": "0", "missing_lines": 85, "excluded_lines": 0, "percent_statements_covered": 0.0, "percent_statements_covered_display": "0"}, "missing_lines": [145, 146, 149, 150, 153, 155, 156, 157, 158, 159, 160, 163, 164, 165, 167, 169, 171, 174, 177, 180, 182, 183, 185, 188, 189, 190, 191, 192, 193, 194, 195, 198, 199, 200, 201, 203, 204, 205, 206, 207, 208, 211, 213, 218, 221, 223, 224, 225, 228, 229, 230, 231, 232, 233, 234, 235, 238, 239, 242, 243, 244, 245, 246, 247, 248, 249, 250, 251, 252, 253, 254, 257, 258, 259, 260, 261, 262, 263, 265, 266, 267, 270, 271, 275, 280], "excluded_lines": []}, "NavigationDriver.collect_pdp_links": {"executed_lines": [], "summary": {"covered_lines": 0, "num_statements": 55, "percent_covered": 0.0, "percent_covered_display": "0", "missing_lines": 55, "excluded_lines": 0, "percent_statements_covered": 0.0, "percent_statements_covered_display": "0"}, "missing_lines": [302, 303, 304, 305, 306, 307, 310, 311, 312, 313, 314, 315, 316, 317, 318, 319, 320, 321, 322, 325, 326, 340, 341, 342, 343, 344, 345, 346, 347, 348, 349, 350, 351, 352, 353, 354, 355, 356, 357, 360, 361, 362, 363, 364, 365, 366, 367, 368, 369, 370, 371, 373, 374, 375, 376], "excluded_lines": []}, "NavigationDriver.run_deep_extraction": {"executed_lines": [], "summary": {"covered_lines": 0, "num_statements": 2, "percent_covered": 0.0, "percent_covered_display": "0", "missing_lines": 2, "excluded_lines": 0, "percent_statements_covered": 0.0, "percent_statements_covered_display": "0"}, "missing_lines": [433, 434], "excluded_lines": []}, "NavigationDriver.recover_plp": {"executed_lines": [], "summary": {"covered_lines": 0, "num_statements": 12, "percent_covered": 0.0, "percent_covered_display": "0", "missing_lines": 12, "excluded_lines": 0, "percent_statements_covered": 0.0, "percent_statements_covered_display": "0"}, "missing_lines": [445, 446, 447, 449, 450, 452, 453, 454, 455, 456, 457, 458], "excluded_lines": []}, "NavigationDriver._click_first_card": {"executed_lines": [], "summary": {"covered_lines": 0, "num_statements": 2, "percent_covered": 0.0, "percent_covered_display": "0", "missing_lines": 2, "excluded_lines": 0, "percent_statements_covered": 0.0, "percent_statements_covered_display": "0"}, "missing_lines": [481, 482], "excluded_lines": []}, "NavigationDriver._looks_like_trap_or_legal": {"executed_lines": [], "summary": {"covered_lines": 0, "num_statements": 28, "percent_covered": 0.0, "percent_covered_display": "0", "missing_lines": 28, "excluded_lines": 0, "percent_statements_covered": 0.0, "percent_statements_covered_display": "0"}, "missing_lines": [497, 499, 500, 502, 504, 505, 506, 507, 509, 510, 511, 512, 513, 516, 519, 522, 528, 547, 548, 549, 550, 551, 552, 553, 554, 556, 558, 559], "excluded_lines": []}, "NavigationDriver._normalize_abs_url": {"executed_lines": [], "summary": {"covered_lines": 0, "num_statements": 10, "percent_covered": 0.0, "percent_covered_display": "0", "missing_lines": 10, "excluded_lines": 0, "percent_statements_covered": 0.0, "percent_statements_covered_display": "0"}, "missing_lines": [564, 565, 566, 567, 568, 569, 570, 571, 572, 573], "excluded_lines": []}, "NavigationDriver.safe_wait_selector": {"executed_lines": [], "summary": {"covered_lines": 0, "num_statements": 7, "percent_covered": 0.0, "percent_covered_display": "0", "missing_lines": 7, "excluded_lines": 0, "percent_statements_covered": 0.0, "percent_statements_covered_display": "0"}, "missing_lines": [577, 578, 579, 580, 581, 582, 583], "excluded_lines": []}, "NavigationDriver._run_deep_extraction_phase2": {"executed_lines": [], "summary": {"covered_lines": 0, "num_statements": 30, "percent_covered": 0.0, "percent_covered_display": "0", "missing_lines": 30, "excluded_lines": 0, "percent_statements_covered": 0.0, "percent_statements_covered_display": "0"}, "missing_lines": [593, 595, 598, 599, 600, 601, 602, 603, 604, 605, 608, 609, 610, 611, 612, 613, 615, 616, 619, 663, 664, 665, 667, 668, 672, 714, 716, 717, 718, 720], "excluded_lines": []}, "NavigationDriver._time_left_ms": {"executed_lines": [], "summary": {"covered_lines": 0, "num_statements": 2, "percent_covered": 0.0, "percent_covered_display": "0", "missing_lines": 2, "excluded_lines": 0, "percent_statements_covered": 0.0, "percent_statements_covered_display": "0"}, "missing_lines": [725, 726], "excluded_lines": []}, "NavigationDriver._normalize_to_en_int_url": {"executed_lines": [], "summary": {"covered_lines": 0, "num_statements": 16, "percent_covered": 0.0, "percent_covered_display": "0", "missing_lines": 16, "excluded_lines": 0, "percent_statements_covered": 0.0, "percent_statements_covered_display": "0"}, "missing_lines": [730, 731, 732, 733, 734, 735, 736, 737, 738, 739, 740, 741, 742, 743, 744, 745], "excluded_lines": []}, "NavigationDriver._accept_cookies_if_present": {"executed_lines": [], "summary": {"covered_lines": 0, "num_statements": 12, "percent_covered": 0.0, "percent_covered_display": "0", "missing_lines": 12, "excluded_lines": 0, "percent_statements_covered": 0.0, "percent_statements_covered_display": "0"}, "missing_lines": [749, 750, 758, 759, 760, 761, 762, 763, 764, 765, 766, 767], "excluded_lines": []}, "NavigationDriver._dismiss_geo_modal": {"executed_lines": [], "summary": {"covered_lines": 0, "num_statements": 29, "percent_covered": 0.0, "percent_covered_display": "0", "missing_lines": 29, "excluded_lines": 0, "percent_statements_covered": 0.0, "percent_statements_covered_display": "0"}, "missing_lines": [771, 778, 779, 780, 781, 782, 783, 784, 786, 801, 811, 812, 813, 814, 815, 817, 828, 829, 830, 831, 832, 834, 841, 842, 843, 844, 845, 846, 847], "excluded_lines": []}, "NavigationDriver._dismiss_geo_modal._click_first": {"executed_lines": [], "summary": {"covered_lines": 0, "num_statements": 13, "percent_covered": 0.0, "percent_covered_display": "0", "missing_lines": 13, "excluded_lines": 0, "percent_statements_covered": 0.0, "percent_statements_covered_display": "0"}, "missing_lines": [787, 788, 789, 790, 791, 792, 793, 794, 795, 796, 797, 798, 799], "excluded_lines": []}, "NavigationDriver._dismiss_geo_modal._wait_for_en_int": {"executed_lines": [], "summary": {"covered_lines": 0, "num_statements": 5, "percent_covered": 0.0, "percent_covered_display": "0", "missing_lines": 5, "excluded_lines": 0, "percent_statements_covered": 0.0, "percent_statements_covered_display": "0"}, "missing_lines": [802, 803, 807, 808, 809], "excluded_lines": []}, "NavigationDriver._kill_overlays": {"executed_lines": [], "summary": {"covered_lines": 0, "num_statements": 4, "percent_covered": 0.0, "percent_covered_display": "0", "missing_lines": 4, "excluded_lines": 0, "percent_statements_covered": 0.0, "percent_statements_covered_display": "0"}, "missing_lines": [851, 852, 860, 861], "excluded_lines": []}, "NavigationDriver._force_plp_recover": {"executed_lines": [], "summary": {"covered_lines": 0, "num_statements": 10, "percent_covered": 0.0, "percent_covered_display": "0", "missing_lines": 10, "excluded_lines": 0, "percent_statements_covered": 0.0, "percent_statements_covered_display": "0"}, "missing_lines": [868, 869, 876, 877, 878, 880, 881, 882, 883, 884], "excluded_lines": []}, "NavigationDriver.ensure_plp_materialized": {"executed_lines": [], "summary": {"covered_lines": 0, "num_statements": 99, "percent_covered": 0.0, "percent_covered_display": "0", "missing_lines": 99, "excluded_lines": 0, "percent_statements_covered": 0.0, "percent_statements_covered_display": "0"}, "missing_lines": [894, 895, 896, 897, 898, 899, 901, 902, 915, 916, 917, 918, 920, 921, 923, 924, 925, 926, 927, 930, 931, 932, 933, 934, 935, 936, 937, 938, 939, 940, 941, 943, 944, 945, 946, 947, 948, 949, 950, 951, 952, 953, 955, 956, 957, 961, 962, 964, 965, 966, 967, 968, 969, 970, 971, 972, 973, 974, 977, 978, 979, 980, 981, 987, 988, 989, 990, 991, 992, 994, 995, 996, 997, 998, 999, 1000, 1001, 1002, 1003, 1004, 1005, 1006, 1007, 1008, 1009, 1010, 1011, 1012, 1013, 1014, 1015, 1016, 1017, 1019, 1020, 1021, 1022, 1023, 1024], "excluded_lines": []}, "NavigationDriver._click_continue_shopping_if_present": {"executed_lines": [], "summary": {"covered_lines": 0, "num_statements": 20, "percent_covered": 0.0, "percent_covered_display": "0", "missing_lines": 20, "excluded_lines": 0, "percent_statements_covered": 0.0, "percent_statements_covered_display": "0"}, "missing_lines": [1028, 1029, 1037, 1038, 1039, 1040, 1041, 1042, 1043, 1044, 1045, 1046, 1047, 1048, 1049, 1050, 1051, 1052, 1053, 1054], "excluded_lines": []}, "NavigationDriver._click_and_capture_navigation": {"executed_lines": [], "summary": {"covered_lines": 0, "num_statements": 48, "percent_covered": 0.0, "percent_covered_display": "0", "missing_lines": 48, "excluded_lines": 0, "percent_statements_covered": 0.0, "percent_statements_covered_display": "0"}, "missing_lines": [1070, 1071, 1073, 1074, 1075, 1076, 1077, 1079, 1080, 1081, 1082, 1083, 1084, 1085, 1087, 1088, 1089, 1091, 1092, 1093, 1094, 1095, 1096, 1097, 1098, 1099, 1108, 1109, 1110, 1111, 1112, 1113, 1114, 1115, 1116, 1117, 1118, 1119, 1120, 1121, 1122, 1123, 1124, 1125, 1126, 1128, 1129, 1130], "excluded_lines": []}, "NavigationDriver.header_search_fallback": {"executed_lines": [], "summary": {"covered_lines": 0, "num_statements": 73, "percent_covered": 0.0, "percent_covered_display": "0", "missing_lines": 73, "excluded_lines": 0, "percent_statements_covered": 0.0, "percent_statements_covered_display": "0"}, "missing_lines": [1139, 1140, 1141, 1142, 1143, 1144, 1146, 1147, 1153, 1163, 1165, 1166, 1167, 1168, 1169, 1170, 1171, 1172, 1173, 1174, 1175, 1176, 1177, 1178, 1179, 1180, 1181, 1182, 1183, 1184, 1185, 1186, 1187, 1188, 1189, 1190, 1191, 1192, 1193, 1194, 1195, 1196, 1197, 1198, 1199, 1200, 1201, 1202, 1203, 1204, 1205, 1206, 1207, 1208, 1209, 1210, 1211, 1212, 1213, 1214, 1215, 1216, 1217, 1218, 1219, 1220, 1221, 1222, 1223, 1224, 1225, 1226, 1227], "excluded_lines": []}, "NavigationDriver.click_first_card_or_link": {"executed_lines": [], "summary": {"covered_lines": 0, "num_statements": 40, "percent_covered": 0.0, "percent_covered_display": "0", "missing_lines": 40, "excluded_lines": 0, "percent_statements_covered": 0.0, "percent_statements_covered_display": "0"}, "missing_lines": [1235, 1236, 1237, 1239, 1240, 1241, 1243, 1244, 1245, 1249, 1250, 1252, 1253, 1254, 1255, 1256, 1257, 1258, 1259, 1260, 1261, 1262, 1265, 1266, 1267, 1268, 1270, 1277, 1278, 1279, 1280, 1281, 1282, 1283, 1286, 1287, 1288, 1289, 1291, 1292], "excluded_lines": []}, "": {"executed_lines": [7, 18, 20, 21, 22, 23, 24, 25, 26, 28, 30, 34, 35, 43, 46, 49, 59, 64, 67, 68, 69, 70, 71, 72, 73, 74, 75, 76, 77, 78, 81, 82, 83, 84, 85, 86, 87, 88, 89, 90, 92, 98, 99, 108, 130, 282, 414, 436, 463, 484, 562, 575, 585, 723, 728, 747, 769, 849, 863, 886, 1026, 1056, 1132, 1229], "summary": {"covered_lines": 59, "num_statements": 63, "percent_covered": 93.65079365079364, "percent_covered_display": "94", "missing_lines": 4, "excluded_lines": 2, "percent_statements_covered": 93.65079365079364, "percent_statements_covered_display": "94"}, "missing_lines": [36, 38, 40, 41], "excluded_lines": [30, 31]}}, "classes": {"NavigationContext": {"executed_lines": [], "summary": {"covered_lines": 0, "num_statements": 0, "percent_covered": 100.0, "percent_covered_display": "100", "missing_lines": 0, "excluded_lines": 0, "percent_statements_covered": 100.0, "percent_statements_covered_display": "100"}, "missing_lines": [], "excluded_lines": []}, "NavigationOutcome": {"executed_lines": [94, 95], "summary": {"covered_lines": 2, "num_statements": 2, "percent_covered": 100.0, "percent_covered_display": "100", "missing_lines": 0, "excluded_lines": 0, "percent_statements_covered": 100.0, "percent_statements_covered_display": "100"}, "missing_lines": [], "excluded_lines": []}, "NavigationDriver": {"executed_lines": [], "summary": {"covered_lines": 0, "num_statements": 606, "percent_covered": 0.0, "percent_covered_display": "0", "missing_lines": 606, "excluded_lines": 0, "percent_statements_covered": 0.0, "percent_statements_covered_display": "0"}, "missing_lines": [125, 126, 127, 128, 145, 146, 149, 150, 153, 155, 156, 157, 158, 159, 160, 163, 164, 165, 167, 169, 171, 174, 177, 180, 182, 183, 185, 188, 189, 190, 191, 192, 193, 194, 195, 198, 199, 200, 201, 203, 204, 205, 206, 207, 208, 211, 213, 218, 221, 223, 224, 225, 228, 229, 230, 231, 232, 233, 234, 235, 238, 239, 242, 243, 244, 245, 246, 247, 248, 249, 250, 251, 252, 253, 254, 257, 258, 259, 260, 261, 262, 263, 265, 266, 267, 270, 271, 275, 280, 302, 303, 304, 305, 306, 307, 310, 311, 312, 313, 314, 315, 316, 317, 318, 319, 320, 321, 322, 325, 326, 340, 341, 342, 343, 344, 345, 346, 347, 348, 349, 350, 351, 352, 353, 354, 355, 356, 357, 360, 361, 362, 363, 364, 365, 366, 367, 368, 369, 370, 371, 373, 374, 375, 376, 433, 434, 445, 446, 447, 449, 450, 452, 453, 454, 455, 456, 457, 458, 481, 482, 497, 499, 500, 502, 504, 505, 506, 507, 509, 510, 511, 512, 513, 516, 519, 522, 528, 547, 548, 549, 550, 551, 552, 553, 554, 556, 558, 559, 564, 565, 566, 567, 568, 569, 570, 571, 572, 573, 577, 578, 579, 580, 581, 582, 583, 593, 595, 598, 599, 600, 601, 602, 603, 604, 605, 608, 609, 610, 611, 612, 613, 615, 616, 619, 663, 664, 665, 667, 668, 672, 714, 716, 717, 718, 720, 725, 726, 730, 731, 732, 733, 734, 735, 736, 737, 738, 739, 740, 741, 742, 743, 744, 745, 749, 750, 758, 759, 760, 761, 762, 763, 764, 765, 766, 767, 771, 778, 779, 780, 781, 782, 783, 784, 786, 787, 788, 789, 790, 791, 792, 793, 794, 795, 796, 797, 798, 799, 801, 802, 803, 807, 808, 809, 811, 812, 813, 814, 815, 817, 828, 829, 830, 831, 832, 834, 841, 842, 843, 844, 845, 846, 847, 851, 852, 860, 861, 868, 869, 876, 877, 878, 880, 881, 882, 883, 884, 894, 895, 896, 897, 898, 899, 901, 902, 915, 916, 917, 918, 920, 921, 923, 924, 925, 926, 927, 930, 931, 932, 933, 934, 935, 936, 937, 938, 939, 940, 941, 943, 944, 945, 946, 947, 948, 949, 950, 951, 952, 953, 955, 956, 957, 961, 962, 964, 965, 966, 967, 968, 969, 970, 971, 972, 973, 974, 977, 978, 979, 980, 981, 987, 988, 989, 990, 991, 992, 994, 995, 996, 997, 998, 999, 1000, 1001, 1002, 1003, 1004, 1005, 1006, 1007, 1008, 1009, 1010, 1011, 1012, 1013, 1014, 1015, 1016, 1017, 1019, 1020, 1021, 1022, 1023, 1024, 1028, 1029, 1037, 1038, 1039, 1040, 1041, 1042, 1043, 1044, 1045, 1046, 1047, 1048, 1049, 1050, 1051, 1052, 1053, 1054, 1070, 1071, 1073, 1074, 1075, 1076, 1077, 1079, 1080, 1081, 1082, 1083, 1084, 1085, 1087, 1088, 1089, 1091, 1092, 1093, 1094, 1095, 1096, 1097, 1098, 1099, 1108, 1109, 1110, 1111, 1112, 1113, 1114, 1115, 1116, 1117, 1118, 1119, 1120, 1121, 1122, 1123, 1124, 1125, 1126, 1128, 1129, 1130, 1139, 1140, 1141, 1142, 1143, 1144, 1146, 1147, 1153, 1163, 1165, 1166, 1167, 1168, 1169, 1170, 1171, 1172, 1173, 1174, 1175, 1176, 1177, 1178, 1179, 1180, 1181, 1182, 1183, 1184, 1185, 1186, 1187, 1188, 1189, 1190, 1191, 1192, 1193, 1194, 1195, 1196, 1197, 1198, 1199, 1200, 1201, 1202, 1203, 1204, 1205, 1206, 1207, 1208, 1209, 1210, 1211, 1212, 1213, 1214, 1215, 1216, 1217, 1218, 1219, 1220, 1221, 1222, 1223, 1224, 1225, 1226, 1227, 1235, 1236, 1237, 1239, 1240, 1241, 1243, 1244, 1245, 1249, 1250, 1252, 1253, 1254, 1255, 1256, 1257, 1258, 1259, 1260, 1261, 1262, 1265, 1266, 1267, 1268, 1270, 1277, 1278, 1279, 1280, 1281, 1282, 1283, 1286, 1287, 1288, 1289, 1291, 1292], "excluded_lines": []}, "": {"executed_lines": [7, 18, 20, 21, 22, 23, 24, 25, 26, 28, 30, 34, 35, 43, 46, 49, 59, 64, 67, 68, 69, 70, 71, 72, 73, 74, 75, 76, 77, 78, 81, 82, 83, 84, 85, 86, 87, 88, 89, 90, 92, 98, 99, 108, 130, 282, 414, 436, 463, 484, 562, 575, 585, 723, 728, 747, 769, 849, 863, 886, 1026, 1056, 1132, 1229], "summary": {"covered_lines": 59, "num_statements": 71, "percent_covered": 83.09859154929578, "percent_covered_display": "83", "missing_lines": 12, "excluded_lines": 2, "percent_statements_covered": 83.09859154929578, "percent_statements_covered_display": "83"}, "missing_lines": [36, 38, 40, 41, 51, 52, 53, 54, 55, 56, 57, 61], "excluded_lines": [30, 31]}}}, "app/agents/browser/plugin_api.py": {"executed_lines": [], "summary": {"covered_lines": 0, "num_statements": 66, "percent_covered": 0.0, "percent_covered_display": "0", "missing_lines": 66, "excluded_lines": 0, "percent_statements_covered": 0.0, "percent_statements_covered_display": "0"}, "missing_lines": [14, 16, 17, 18, 20, 21, 22, 23, 26, 27, 29, 30, 31, 32, 33, 36, 45, 46, 49, 59, 60, 61, 62, 63, 65, 69, 90, 91, 93, 94, 95, 96, 97, 98, 99, 101, 103, 120, 121, 123, 124, 125, 126, 128, 153, 154, 156, 157, 158, 159, 161, 164, 165, 166, 169, 171, 196, 197, 199, 200, 201, 202, 205, 207, 208, 211], "excluded_lines": [], "functions": {"PluginAPI.__init__": {"executed_lines": [], "summary": {"covered_lines": 0, "num_statements": 1, "percent_covered": 0.0, "percent_covered_display": "0", "missing_lines": 1, "excluded_lines": 0, "percent_statements_covered": 0.0, "percent_statements_covered_display": "0"}, "missing_lines": [46], "excluded_lines": []}, "PluginAPI.get_plugin": {"executed_lines": [], "summary": {"covered_lines": 0, "num_statements": 6, "percent_covered": 0.0, "percent_covered_display": "0", "missing_lines": 6, "excluded_lines": 0, "percent_statements_covered": 0.0, "percent_statements_covered_display": "0"}, "missing_lines": [59, 60, 61, 62, 63, 65], "excluded_lines": []}, "PluginAPI.before_navigate": {"executed_lines": [], "summary": {"covered_lines": 0, "num_statements": 10, "percent_covered": 0.0, "percent_covered_display": "0", "missing_lines": 10, "excluded_lines": 0, "percent_statements_covered": 0.0, "percent_statements_covered_display": "0"}, "missing_lines": [90, 91, 93, 94, 95, 96, 97, 98, 99, 101], "excluded_lines": []}, "PluginAPI.after_navigate": {"executed_lines": [], "summary": {"covered_lines": 0, "num_statements": 6, "percent_covered": 0.0, "percent_covered_display": "0", "missing_lines": 6, "excluded_lines": 0, "percent_statements_covered": 0.0, "percent_statements_covered_display": "0"}, "missing_lines": [120, 121, 123, 124, 125, 126], "excluded_lines": []}, "PluginAPI.materialize_plp": {"executed_lines": [], "summary": {"covered_lines": 0, "num_statements": 11, "percent_covered": 0.0, "percent_covered_display": "0", "missing_lines": 11, "excluded_lines": 0, "percent_statements_covered": 0.0, "percent_statements_covered_display": "0"}, "missing_lines": [153, 154, 156, 157, 158, 159, 161, 164, 165, 166, 169], "excluded_lines": []}, "PluginAPI.assert_plp": {"executed_lines": [], "summary": {"covered_lines": 0, "num_statements": 10, "percent_covered": 0.0, "percent_covered_display": "0", "missing_lines": 10, "excluded_lines": 0, "percent_statements_covered": 0.0, "percent_statements_covered_display": "0"}, "missing_lines": [196, 197, 199, 200, 201, 202, 205, 207, 208, 211], "excluded_lines": []}, "": {"executed_lines": [], "summary": {"covered_lines": 0, "num_statements": 22, "percent_covered": 0.0, "percent_covered_display": "0", "missing_lines": 22, "excluded_lines": 0, "percent_statements_covered": 0.0, "percent_statements_covered_display": "0"}, "missing_lines": [14, 16, 17, 18, 20, 21, 22, 23, 26, 27, 29, 30, 31, 32, 33, 36, 45, 49, 69, 103, 128, 171], "excluded_lines": []}}, "classes": {"PluginContext": {"executed_lines": [], "summary": {"covered_lines": 0, "num_statements": 0, "percent_covered": 100.0, "percent_covered_display": "100", "missing_lines": 0, "excluded_lines": 0, "percent_statements_covered": 100.0, "percent_statements_covered_display": "100"}, "missing_lines": [], "excluded_lines": []}, "PluginAPI": {"executed_lines": [], "summary": {"covered_lines": 0, "num_statements": 44, "percent_covered": 0.0, "percent_covered_display": "0", "missing_lines": 44, "excluded_lines": 0, "percent_statements_covered": 0.0, "percent_statements_covered_display": "0"}, "missing_lines": [46, 59, 60, 61, 62, 63, 65, 90, 91, 93, 94, 95, 96, 97, 98, 99, 101, 120, 121, 123, 124, 125, 126, 153, 154, 156, 157, 158, 159, 161, 164, 165, 166, 169, 196, 197, 199, 200, 201, 202, 205, 207, 208, 211], "excluded_lines": []}, "": {"executed_lines": [], "summary": {"covered_lines": 0, "num_statements": 22, "percent_covered": 0.0, "percent_covered_display": "0", "missing_lines": 22, "excluded_lines": 0, "percent_statements_covered": 0.0, "percent_statements_covered_display": "0"}, "missing_lines": [14, 16, 17, 18, 20, 21, 22, 23, 26, 27, 29, 30, 31, 32, 33, 36, 45, 49, 69, 103, 128, 171], "excluded_lines": []}}}, "app/agents/browser/plugins/__init__.py": {"executed_lines": [], "summary": {"covered_lines": 0, "num_statements": 11, "percent_covered": 0.0, "percent_covered_display": "0", "missing_lines": 11, "excluded_lines": 0, "percent_statements_covered": 0.0, "percent_statements_covered_display": "0"}, "missing_lines": [2, 4, 6, 7, 8, 9, 10, 11, 13, 15, 16], "excluded_lines": [], "functions": {"": {"executed_lines": [], "summary": {"covered_lines": 0, "num_statements": 11, "percent_covered": 0.0, "percent_covered_display": "0", "missing_lines": 11, "excluded_lines": 0, "percent_statements_covered": 0.0, "percent_statements_covered_display": "0"}, "missing_lines": [2, 4, 6, 7, 8, 9, 10, 11, 13, 15, 16], "excluded_lines": []}}, "classes": {"": {"executed_lines": [], "summary": {"covered_lines": 0, "num_statements": 11, "percent_covered": 0.0, "percent_covered_display": "0", "missing_lines": 11, "excluded_lines": 0, "percent_statements_covered": 0.0, "percent_statements_covered_display": "0"}, "missing_lines": [2, 4, 6, 7, 8, 9, 10, 11, 13, 15, 16], "excluded_lines": []}}}, "app/agents/browser/session_manager.py": {"executed_lines": [2, 4, 5, 6, 7, 8, 9, 10, 12, 21, 23, 25, 30, 36, 37, 38, 39, 58, 61, 62, 63, 64, 65, 66, 67, 68, 71, 72, 73, 74, 75, 76, 79, 80, 85, 119, 120, 123, 124, 127, 131, 134, 138, 178, 291, 326, 388, 396, 495, 518, 532, 542, 550, 579, 587], "summary": {"covered_lines": 54, "num_statements": 346, "percent_covered": 15.606936416184972, "percent_covered_display": "16", "missing_lines": 292, "excluded_lines": 0, "percent_statements_covered": 15.606936416184972, "percent_statements_covered_display": "16"}, "missing_lines": [99, 100, 101, 102, 103, 104, 105, 106, 107, 108, 110, 111, 112, 113, 114, 116, 117, 121, 125, 128, 129, 132, 135, 136, 139, 140, 141, 142, 143, 145, 146, 147, 148, 149, 150, 151, 152, 153, 154, 155, 156, 157, 158, 160, 161, 162, 163, 164, 166, 167, 168, 169, 170, 172, 173, 174, 175, 176, 179, 180, 182, 183, 185, 186, 188, 194, 195, 199, 201, 202, 206, 208, 209, 210, 211, 213, 214, 215, 216, 217, 218, 219, 220, 228, 230, 231, 236, 237, 238, 239, 240, 241, 242, 243, 249, 250, 251, 253, 254, 259, 260, 262, 263, 265, 266, 272, 274, 275, 276, 278, 279, 280, 281, 283, 289, 292, 293, 294, 295, 296, 297, 299, 300, 302, 303, 304, 306, 307, 308, 309, 310, 312, 313, 314, 315, 316, 317, 318, 319, 320, 321, 322, 324, 327, 328, 329, 330, 331, 332, 333, 334, 335, 337, 338, 340, 341, 343, 344, 345, 346, 347, 348, 349, 350, 358, 361, 362, 363, 364, 365, 366, 368, 369, 370, 371, 372, 373, 374, 375, 376, 377, 378, 379, 380, 381, 382, 384, 385, 386, 389, 390, 391, 392, 393, 394, 397, 400, 496, 497, 498, 499, 500, 501, 502, 503, 504, 505, 506, 507, 508, 509, 510, 511, 512, 513, 514, 515, 516, 519, 520, 521, 522, 523, 524, 525, 526, 527, 528, 529, 530, 533, 534, 535, 536, 537, 538, 539, 540, 543, 544, 545, 546, 547, 548, 551, 552, 553, 554, 555, 556, 557, 558, 559, 560, 561, 562, 563, 573, 574, 575, 576, 577, 580, 581, 582, 583, 584, 585, 588, 589, 590, 591, 592, 593, 594, 595, 597, 598, 599, 600, 601, 602, 603, 605, 606, 607, 608, 609, 619, 620, 623, 624], "excluded_lines": [], "functions": {"SessionManager.__init__": {"executed_lines": [], "summary": {"covered_lines": 0, "num_statements": 17, "percent_covered": 0.0, "percent_covered_display": "0", "missing_lines": 17, "excluded_lines": 0, "percent_statements_covered": 0.0, "percent_statements_covered_display": "0"}, "missing_lines": [99, 100, 101, 102, 103, 104, 105, 106, 107, 108, 110, 111, 112, 113, 114, 116, 117], "excluded_lines": []}, "SessionManager.context": {"executed_lines": [], "summary": {"covered_lines": 0, "num_statements": 1, "percent_covered": 0.0, "percent_covered_display": "0", "missing_lines": 1, "excluded_lines": 0, "percent_statements_covered": 0.0, "percent_statements_covered_display": "0"}, "missing_lines": [121], "excluded_lines": []}, "SessionManager.page": {"executed_lines": [], "summary": {"covered_lines": 0, "num_statements": 1, "percent_covered": 0.0, "percent_covered_display": "0", "missing_lines": 1, "excluded_lines": 0, "percent_statements_covered": 0.0, "percent_statements_covered_display": "0"}, "missing_lines": [125], "excluded_lines": []}, "SessionManager.__aenter__": {"executed_lines": [], "summary": {"covered_lines": 0, "num_statements": 2, "percent_covered": 0.0, "percent_covered_display": "0", "missing_lines": 2, "excluded_lines": 0, "percent_statements_covered": 0.0, "percent_statements_covered_display": "0"}, "missing_lines": [128, 129], "excluded_lines": []}, "SessionManager.__aexit__": {"executed_lines": [], "summary": {"covered_lines": 0, "num_statements": 1, "percent_covered": 0.0, "percent_covered_display": "0", "missing_lines": 1, "excluded_lines": 0, "percent_statements_covered": 0.0, "percent_statements_covered_display": "0"}, "missing_lines": [132], "excluded_lines": []}, "SessionManager.open": {"executed_lines": [], "summary": {"covered_lines": 0, "num_statements": 2, "percent_covered": 0.0, "percent_covered_display": "0", "missing_lines": 2, "excluded_lines": 0, "percent_statements_covered": 0.0, "percent_statements_covered_display": "0"}, "missing_lines": [135, 136], "excluded_lines": []}, "SessionManager.close": {"executed_lines": [], "summary": {"covered_lines": 0, "num_statements": 34, "percent_covered": 0.0, "percent_covered_display": "0", "missing_lines": 34, "excluded_lines": 0, "percent_statements_covered": 0.0, "percent_statements_covered_display": "0"}, "missing_lines": [139, 140, 141, 142, 143, 145, 146, 147, 148, 149, 150, 151, 152, 153, 154, 155, 156, 157, 158, 160, 161, 162, 163, 164, 166, 167, 168, 169, 170, 172, 173, 174, 175, 176], "excluded_lines": []}, "SessionManager._ensure_open": {"executed_lines": [], "summary": {"covered_lines": 0, "num_statements": 57, "percent_covered": 0.0, "percent_covered_display": "0", "missing_lines": 57, "excluded_lines": 0, "percent_statements_covered": 0.0, "percent_statements_covered_display": "0"}, "missing_lines": [179, 180, 182, 183, 185, 186, 188, 194, 195, 199, 201, 202, 206, 208, 209, 210, 211, 213, 214, 215, 216, 217, 218, 219, 220, 228, 230, 231, 236, 237, 238, 239, 240, 241, 242, 243, 249, 250, 251, 253, 254, 259, 260, 262, 263, 265, 266, 272, 274, 275, 276, 278, 279, 280, 281, 283, 289], "excluded_lines": []}, "SessionManager._build_context_options": {"executed_lines": [], "summary": {"covered_lines": 0, "num_statements": 28, "percent_covered": 0.0, "percent_covered_display": "0", "missing_lines": 28, "excluded_lines": 0, "percent_statements_covered": 0.0, "percent_statements_covered_display": "0"}, "missing_lines": [292, 293, 294, 295, 296, 297, 299, 300, 302, 303, 304, 306, 307, 308, 309, 310, 312, 313, 314, 315, 316, 317, 318, 319, 320, 321, 322, 324], "excluded_lines": []}, "SessionManager._setup_routes": {"executed_lines": [], "summary": {"covered_lines": 0, "num_statements": 16, "percent_covered": 0.0, "percent_covered_display": "0", "missing_lines": 16, "excluded_lines": 0, "percent_statements_covered": 0.0, "percent_statements_covered_display": "0"}, "missing_lines": [327, 328, 329, 330, 331, 332, 333, 334, 335, 337, 338, 340, 343, 384, 385, 386], "excluded_lines": []}, "SessionManager._setup_routes._abort": {"executed_lines": [], "summary": {"covered_lines": 0, "num_statements": 1, "percent_covered": 0.0, "percent_covered_display": "0", "missing_lines": 1, "excluded_lines": 0, "percent_statements_covered": 0.0, "percent_statements_covered_display": "0"}, "missing_lines": [341], "excluded_lines": []}, "SessionManager._setup_routes._locale_rewrite": {"executed_lines": [], "summary": {"covered_lines": 0, "num_statements": 29, "percent_covered": 0.0, "percent_covered_display": "0", "missing_lines": 29, "excluded_lines": 0, "percent_statements_covered": 0.0, "percent_statements_covered_display": "0"}, "missing_lines": [344, 345, 346, 347, 348, 349, 350, 358, 361, 362, 363, 364, 365, 366, 368, 369, 370, 371, 372, 373, 374, 375, 376, 377, 378, 379, 380, 381, 382], "excluded_lines": []}, "SessionManager._normalize_url": {"executed_lines": [], "summary": {"covered_lines": 0, "num_statements": 6, "percent_covered": 0.0, "percent_covered_display": "0", "missing_lines": 6, "excluded_lines": 0, "percent_statements_covered": 0.0, "percent_statements_covered_display": "0"}, "missing_lines": [389, 390, 391, 392, 393, 394], "excluded_lines": []}, "SessionManager._setup_init_scripts": {"executed_lines": [], "summary": {"covered_lines": 0, "num_statements": 2, "percent_covered": 0.0, "percent_covered_display": "0", "missing_lines": 2, "excluded_lines": 0, "percent_statements_covered": 0.0, "percent_statements_covered_display": "0"}, "missing_lines": [397, 400], "excluded_lines": []}, "SessionManager._get_proxy_list_for_site": {"executed_lines": [], "summary": {"covered_lines": 0, "num_statements": 21, "percent_covered": 0.0, "percent_covered_display": "0", "missing_lines": 21, "excluded_lines": 0, "percent_statements_covered": 0.0, "percent_statements_covered_display": "0"}, "missing_lines": [496, 497, 498, 499, 500, 501, 502, 503, 504, 505, 506, 507, 508, 509, 510, 511, 512, 513, 514, 515, 516], "excluded_lines": []}, "SessionManager._choose_proxy_for_site": {"executed_lines": [], "summary": {"covered_lines": 0, "num_statements": 12, "percent_covered": 0.0, "percent_covered_display": "0", "missing_lines": 12, "excluded_lines": 0, "percent_statements_covered": 0.0, "percent_statements_covered_display": "0"}, "missing_lines": [519, 520, 521, 522, 523, 524, 525, 526, 527, 528, 529, 530], "excluded_lines": []}, "SessionManager._get_proxy_for_site": {"executed_lines": [], "summary": {"covered_lines": 0, "num_statements": 8, "percent_covered": 0.0, "percent_covered_display": "0", "missing_lines": 8, "excluded_lines": 0, "percent_statements_covered": 0.0, "percent_statements_covered_display": "0"}, "missing_lines": [533, 534, 535, 536, 537, 538, 539, 540], "excluded_lines": []}, "SessionManager._build_playwright_proxy_arg": {"executed_lines": [], "summary": {"covered_lines": 0, "num_statements": 6, "percent_covered": 0.0, "percent_covered_display": "0", "missing_lines": 6, "excluded_lines": 0, "percent_statements_covered": 0.0, "percent_statements_covered_display": "0"}, "missing_lines": [543, 544, 545, 546, 547, 548], "excluded_lines": []}, "SessionManager._load_proxy_pool": {"executed_lines": [], "summary": {"covered_lines": 0, "num_statements": 18, "percent_covered": 0.0, "percent_covered_display": "0", "missing_lines": 18, "excluded_lines": 0, "percent_statements_covered": 0.0, "percent_statements_covered_display": "0"}, "missing_lines": [551, 552, 553, 554, 555, 556, 557, 558, 559, 560, 561, 562, 563, 573, 574, 575, 576, 577], "excluded_lines": []}, "SessionManager._get_session_file": {"executed_lines": [], "summary": {"covered_lines": 0, "num_statements": 6, "percent_covered": 0.0, "percent_covered_display": "0", "missing_lines": 6, "excluded_lines": 0, "percent_statements_covered": 0.0, "percent_statements_covered_display": "0"}, "missing_lines": [580, 581, 582, 583, 584, 585], "excluded_lines": []}, "SessionManager._apply_saved_session": {"executed_lines": [], "summary": {"covered_lines": 0, "num_statements": 24, "percent_covered": 0.0, "percent_covered_display": "0", "missing_lines": 24, "excluded_lines": 0, "percent_statements_covered": 0.0, "percent_statements_covered_display": "0"}, "missing_lines": [588, 589, 590, 591, 592, 593, 594, 595, 597, 598, 599, 600, 601, 602, 603, 605, 606, 607, 608, 609, 619, 620, 623, 624], "excluded_lines": []}, "": {"executed_lines": [2, 4, 5, 6, 7, 8, 9, 10, 12, 21, 23, 25, 30, 36, 37, 38, 39, 58, 61, 62, 63, 64, 65, 66, 67, 68, 71, 72, 73, 74, 75, 76, 79, 80, 85, 119, 120, 123, 124, 127, 131, 134, 138, 178, 291, 326, 388, 396, 495, 518, 532, 542, 550, 579, 587], "summary": {"covered_lines": 54, "num_statements": 54, "percent_covered": 100.0, "percent_covered_display": "100", "missing_lines": 0, "excluded_lines": 0, "percent_statements_covered": 100.0, "percent_statements_covered_display": "100"}, "missing_lines": [], "excluded_lines": []}}, "classes": {"ProxyEntry": {"executed_lines": [], "summary": {"covered_lines": 0, "num_statements": 0, "percent_covered": 100.0, "percent_covered_display": "100", "missing_lines": 0, "excluded_lines": 0, "percent_statements_covered": 100.0, "percent_statements_covered_display": "100"}, "missing_lines": [], "excluded_lines": []}, "_SessionHandles": {"executed_lines": [], "summary": {"covered_lines": 0, "num_statements": 0, "percent_covered": 100.0, "percent_covered_display": "100", "missing_lines": 0, "excluded_lines": 0, "percent_statements_covered": 100.0, "percent_statements_covered_display": "100"}, "missing_lines": [], "excluded_lines": []}, "SessionManager": {"executed_lines": [], "summary": {"covered_lines": 0, "num_statements": 292, "percent_covered": 0.0, "percent_covered_display": "0", "missing_lines": 292, "excluded_lines": 0, "percent_statements_covered": 0.0, "percent_statements_covered_display": "0"}, "missing_lines": [99, 100, 101, 102, 103, 104, 105, 106, 107, 108, 110, 111, 112, 113, 114, 116, 117, 121, 125, 128, 129, 132, 135, 136, 139, 140, 141, 142, 143, 145, 146, 147, 148, 149, 150, 151, 152, 153, 154, 155, 156, 157, 158, 160, 161, 162, 163, 164, 166, 167, 168, 169, 170, 172, 173, 174, 175, 176, 179, 180, 182, 183, 185, 186, 188, 194, 195, 199, 201, 202, 206, 208, 209, 210, 211, 213, 214, 215, 216, 217, 218, 219, 220, 228, 230, 231, 236, 237, 238, 239, 240, 241, 242, 243, 249, 250, 251, 253, 254, 259, 260, 262, 263, 265, 266, 272, 274, 275, 276, 278, 279, 280, 281, 283, 289, 292, 293, 294, 295, 296, 297, 299, 300, 302, 303, 304, 306, 307, 308, 309, 310, 312, 313, 314, 315, 316, 317, 318, 319, 320, 321, 322, 324, 327, 328, 329, 330, 331, 332, 333, 334, 335, 337, 338, 340, 341, 343, 344, 345, 346, 347, 348, 349, 350, 358, 361, 362, 363, 364, 365, 366, 368, 369, 370, 371, 372, 373, 374, 375, 376, 377, 378, 379, 380, 381, 382, 384, 385, 386, 389, 390, 391, 392, 393, 394, 397, 400, 496, 497, 498, 499, 500, 501, 502, 503, 504, 505, 506, 507, 508, 509, 510, 511, 512, 513, 514, 515, 516, 519, 520, 521, 522, 523, 524, 525, 526, 527, 528, 529, 530, 533, 534, 535, 536, 537, 538, 539, 540, 543, 544, 545, 546, 547, 548, 551, 552, 553, 554, 555, 556, 557, 558, 559, 560, 561, 562, 563, 573, 574, 575, 576, 577, 580, 581, 582, 583, 584, 585, 588, 589, 590, 591, 592, 593, 594, 595, 597, 598, 599, 600, 601, 602, 603, 605, 606, 607, 608, 609, 619, 620, 623, 624], "excluded_lines": []}, "": {"executed_lines": [2, 4, 5, 6, 7, 8, 9, 10, 12, 21, 23, 25, 30, 36, 37, 38, 39, 58, 61, 62, 63, 64, 65, 66, 67, 68, 71, 72, 73, 74, 75, 76, 79, 80, 85, 119, 120, 123, 124, 127, 131, 134, 138, 178, 291, 326, 388, 396, 495, 518, 532, 542, 550, 579, 587], "summary": {"covered_lines": 54, "num_statements": 54, "percent_covered": 100.0, "percent_covered_display": "100", "missing_lines": 0, "excluded_lines": 0, "percent_statements_covered": 100.0, "percent_statements_covered_display": "100"}, "missing_lines": [], "excluded_lines": []}}}, "app/agents/browser/settings.py": {"executed_lines": [], "summary": {"covered_lines": 0, "num_statements": 52, "percent_covered": 0.0, "percent_covered_display": "0", "missing_lines": 52, "excluded_lines": 0, "percent_statements_covered": 0.0, "percent_statements_covered_display": "0"}, "missing_lines": [14, 15, 16, 17, 18, 20, 21, 23, 26, 32, 37, 40, 50, 51, 57, 58, 60, 61, 62, 65, 66, 67, 68, 69, 70, 72, 73, 74, 75, 76, 77, 79, 81, 82, 83, 85, 86, 88, 124, 125, 126, 130, 131, 132, 134, 137, 139, 142, 144, 145, 148, 150], "excluded_lines": [], "functions": {"resolve_run_settings": {"executed_lines": [], "summary": {"covered_lines": 0, "num_statements": 32, "percent_covered": 0.0, "percent_covered_display": "0", "missing_lines": 32, "excluded_lines": 0, "percent_statements_covered": 0.0, "percent_statements_covered_display": "0"}, "missing_lines": [50, 51, 57, 58, 60, 61, 62, 65, 66, 67, 68, 69, 70, 72, 73, 74, 75, 76, 77, 79, 81, 82, 83, 85, 88, 124, 125, 126, 130, 131, 132, 134], "excluded_lines": []}, "resolve_run_settings._dedupe_keep_order": {"executed_lines": [], "summary": {"covered_lines": 0, "num_statements": 1, "percent_covered": 0.0, "percent_covered_display": "0", "missing_lines": 1, "excluded_lines": 0, "percent_statements_covered": 0.0, "percent_statements_covered_display": "0"}, "missing_lines": [86], "excluded_lines": []}, "start_watchdog": {"executed_lines": [], "summary": {"covered_lines": 0, "num_statements": 1, "percent_covered": 0.0, "percent_covered_display": "0", "missing_lines": 1, "excluded_lines": 0, "percent_statements_covered": 0.0, "percent_statements_covered_display": "0"}, "missing_lines": [139], "excluded_lines": []}, "time_left_ms": {"executed_lines": [], "summary": {"covered_lines": 0, "num_statements": 2, "percent_covered": 0.0, "percent_covered_display": "0", "missing_lines": 2, "excluded_lines": 0, "percent_statements_covered": 0.0, "percent_statements_covered_display": "0"}, "missing_lines": [144, 145], "excluded_lines": []}, "slice_timeout_ms": {"executed_lines": [], "summary": {"covered_lines": 0, "num_statements": 1, "percent_covered": 0.0, "percent_covered_display": "0", "missing_lines": 1, "excluded_lines": 0, "percent_statements_covered": 0.0, "percent_statements_covered_display": "0"}, "missing_lines": [150], "excluded_lines": []}, "": {"executed_lines": [], "summary": {"covered_lines": 0, "num_statements": 15, "percent_covered": 0.0, "percent_covered_display": "0", "missing_lines": 15, "excluded_lines": 0, "percent_statements_covered": 0.0, "percent_statements_covered_display": "0"}, "missing_lines": [14, 15, 16, 17, 18, 20, 21, 23, 26, 32, 37, 40, 137, 142, 148], "excluded_lines": []}}, "classes": {"": {"executed_lines": [], "summary": {"covered_lines": 0, "num_statements": 52, "percent_covered": 0.0, "percent_covered_display": "0", "missing_lines": 52, "excluded_lines": 0, "percent_statements_covered": 0.0, "percent_statements_covered_display": "0"}, "missing_lines": [14, 15, 16, 17, 18, 20, 21, 23, 26, 32, 37, 40, 50, 51, 57, 58, 60, 61, 62, 65, 66, 67, 68, 69, 70, 72, 73, 74, 75, 76, 77, 79, 81, 82, 83, 85, 86, 88, 124, 125, 126, 130, 131, 132, 134, 137, 139, 142, 144, 145, 148, 150], "excluded_lines": []}}}, "app/agents/browser/telemetry.py": {"executed_lines": [2, 13, 15, 16, 17, 18, 19, 20, 21, 23, 29, 30, 31, 32, 33, 34, 35, 38, 39, 40, 41, 42, 43, 44, 45, 46, 47, 48, 51, 52, 53, 58, 59, 60, 61, 64, 65, 74, 86, 87, 89, 134, 173, 227, 237, 244, 262, 301, 328, 338, 355, 372, 400, 405, 406, 413, 427, 443, 459, 481], "summary": {"covered_lines": 53, "num_statements": 163, "percent_covered": 32.515337423312886, "percent_covered_display": "33", "missing_lines": 110, "excluded_lines": 4, "percent_statements_covered": 32.515337423312886, "percent_statements_covered_display": "33"}, "missing_lines": [106, 107, 110, 111, 112, 117, 119, 122, 123, 126, 127, 128, 129, 130, 131, 132, 151, 152, 158, 159, 166, 167, 169, 170, 171, 186, 188, 189, 192, 193, 194, 195, 196, 197, 200, 201, 202, 203, 204, 208, 209, 210, 211, 212, 213, 214, 217, 222, 223, 229, 230, 231, 232, 233, 234, 235, 239, 240, 241, 242, 252, 253, 254, 255, 256, 257, 258, 259, 260, 270, 271, 273, 299, 316, 317, 321, 322, 323, 336, 353, 370, 390, 391, 398, 402, 421, 422, 424, 425, 441, 457, 473, 474, 475, 476, 477, 479, 498, 501, 502, 503, 504, 506, 507, 508, 509, 510, 511, 512, 515], "excluded_lines": [23, 24, 25, 26], "functions": {"TelemetryService.__init__": {"executed_lines": [86, 87], "summary": {"covered_lines": 2, "num_statements": 2, "percent_covered": 100.0, "percent_covered_display": "100", "missing_lines": 0, "excluded_lines": 0, "percent_statements_covered": 100.0, "percent_statements_covered_display": "100"}, "missing_lines": [], "excluded_lines": []}, "TelemetryService.record_plp_state": {"executed_lines": [], "summary": {"covered_lines": 0, "num_statements": 16, "percent_covered": 0.0, "percent_covered_display": "0", "missing_lines": 16, "excluded_lines": 0, "percent_statements_covered": 0.0, "percent_statements_covered_display": "0"}, "missing_lines": [106, 107, 110, 111, 112, 117, 119, 122, 123, 126, 127, 128, 129, 130, 131, 132], "excluded_lines": []}, "TelemetryService.record_success": {"executed_lines": [], "summary": {"covered_lines": 0, "num_statements": 9, "percent_covered": 0.0, "percent_covered_display": "0", "missing_lines": 9, "excluded_lines": 0, "percent_statements_covered": 0.0, "percent_statements_covered_display": "0"}, "missing_lines": [151, 152, 158, 159, 166, 167, 169, 170, 171], "excluded_lines": []}, "TelemetryService.record_failure": {"executed_lines": [], "summary": {"covered_lines": 0, "num_statements": 24, "percent_covered": 0.0, "percent_covered_display": "0", "missing_lines": 24, "excluded_lines": 0, "percent_statements_covered": 0.0, "percent_statements_covered_display": "0"}, "missing_lines": [186, 188, 189, 192, 193, 194, 195, 196, 197, 200, 201, 202, 203, 204, 208, 209, 210, 211, 212, 213, 214, 217, 222, 223], "excluded_lines": []}, "TelemetryService._save_dom": {"executed_lines": [], "summary": {"covered_lines": 0, "num_statements": 7, "percent_covered": 0.0, "percent_covered_display": "0", "missing_lines": 7, "excluded_lines": 0, "percent_statements_covered": 0.0, "percent_statements_covered_display": "0"}, "missing_lines": [229, 230, 231, 232, 233, 234, 235], "excluded_lines": []}, "TelemetryService._save_json": {"executed_lines": [], "summary": {"covered_lines": 0, "num_statements": 4, "percent_covered": 0.0, "percent_covered_display": "0", "missing_lines": 4, "excluded_lines": 0, "percent_statements_covered": 0.0, "percent_statements_covered_display": "0"}, "missing_lines": [239, 240, 241, 242], "excluded_lines": []}, "TelemetryService._count_selectors": {"executed_lines": [], "summary": {"covered_lines": 0, "num_statements": 9, "percent_covered": 0.0, "percent_covered_display": "0", "missing_lines": 9, "excluded_lines": 0, "percent_statements_covered": 0.0, "percent_statements_covered_display": "0"}, "missing_lines": [252, 253, 254, 255, 256, 257, 258, 259, 260], "excluded_lines": []}, "TelemetryService._write_fail_snapshot": {"executed_lines": [], "summary": {"covered_lines": 0, "num_statements": 4, "percent_covered": 0.0, "percent_covered_display": "0", "missing_lines": 4, "excluded_lines": 0, "percent_statements_covered": 0.0, "percent_statements_covered_display": "0"}, "missing_lines": [270, 271, 273, 299], "excluded_lines": []}, "TelemetryService.record_raw_hrefs": {"executed_lines": [], "summary": {"covered_lines": 0, "num_statements": 5, "percent_covered": 0.0, "percent_covered_display": "0", "missing_lines": 5, "excluded_lines": 0, "percent_statements_covered": 0.0, "percent_statements_covered_display": "0"}, "missing_lines": [316, 317, 321, 322, 323], "excluded_lines": []}, "TelemetryService.save_dom": {"executed_lines": [], "summary": {"covered_lines": 0, "num_statements": 1, "percent_covered": 0.0, "percent_covered_display": "0", "missing_lines": 1, "excluded_lines": 0, "percent_statements_covered": 0.0, "percent_statements_covered_display": "0"}, "missing_lines": [336], "excluded_lines": []}, "TelemetryService.count_selectors": {"executed_lines": [], "summary": {"covered_lines": 0, "num_statements": 1, "percent_covered": 0.0, "percent_covered_display": "0", "missing_lines": 1, "excluded_lines": 0, "percent_statements_covered": 0.0, "percent_statements_covered_display": "0"}, "missing_lines": [353], "excluded_lines": []}, "TelemetryService.save_raw_hrefs": {"executed_lines": [], "summary": {"covered_lines": 0, "num_statements": 1, "percent_covered": 0.0, "percent_covered_display": "0", "missing_lines": 1, "excluded_lines": 0, "percent_statements_covered": 0.0, "percent_statements_covered_display": "0"}, "missing_lines": [370], "excluded_lines": []}, "TelemetryService.write_fail_snapshot": {"executed_lines": [], "summary": {"covered_lines": 0, "num_statements": 3, "percent_covered": 0.0, "percent_covered_display": "0", "missing_lines": 3, "excluded_lines": 0, "percent_statements_covered": 0.0, "percent_statements_covered_display": "0"}, "missing_lines": [390, 391, 398], "excluded_lines": []}, "TelemetryService._maybe_await": {"executed_lines": [], "summary": {"covered_lines": 0, "num_statements": 1, "percent_covered": 0.0, "percent_covered_display": "0", "missing_lines": 1, "excluded_lines": 0, "percent_statements_covered": 0.0, "percent_statements_covered_display": "0"}, "missing_lines": [402], "excluded_lines": []}, "TelemetryClient.__init__": {"executed_lines": [], "summary": {"covered_lines": 0, "num_statements": 4, "percent_covered": 0.0, "percent_covered_display": "0", "missing_lines": 4, "excluded_lines": 0, "percent_statements_covered": 0.0, "percent_statements_covered_display": "0"}, "missing_lines": [421, 422, 424, 425], "excluded_lines": []}, "TelemetryClient.save_dom": {"executed_lines": [], "summary": {"covered_lines": 0, "num_statements": 1, "percent_covered": 0.0, "percent_covered_display": "0", "missing_lines": 1, "excluded_lines": 0, "percent_statements_covered": 0.0, "percent_statements_covered_display": "0"}, "missing_lines": [441], "excluded_lines": []}, "TelemetryClient.save_json": {"executed_lines": [], "summary": {"covered_lines": 0, "num_statements": 1, "percent_covered": 0.0, "percent_covered_display": "0", "missing_lines": 1, "excluded_lines": 0, "percent_statements_covered": 0.0, "percent_statements_covered_display": "0"}, "missing_lines": [457], "excluded_lines": []}, "TelemetryClient.save_screenshot": {"executed_lines": [], "summary": {"covered_lines": 0, "num_statements": 6, "percent_covered": 0.0, "percent_covered_display": "0", "missing_lines": 6, "excluded_lines": 0, "percent_statements_covered": 0.0, "percent_statements_covered_display": "0"}, "missing_lines": [473, 474, 475, 476, 477, 479], "excluded_lines": []}, "TelemetryClient.write_fail_snapshot": {"executed_lines": [], "summary": {"covered_lines": 0, "num_statements": 11, "percent_covered": 0.0, "percent_covered_display": "0", "missing_lines": 11, "excluded_lines": 0, "percent_statements_covered": 0.0, "percent_statements_covered_display": "0"}, "missing_lines": [498, 501, 502, 506, 507, 508, 509, 510, 511, 512, 515], "excluded_lines": []}, "TelemetryClient.write_fail_snapshot.ErrorWrapper.__init__": {"executed_lines": [], "summary": {"covered_lines": 0, "num_statements": 2, "percent_covered": 0.0, "percent_covered_display": "0", "missing_lines": 2, "excluded_lines": 0, "percent_statements_covered": 0.0, "percent_statements_covered_display": "0"}, "missing_lines": [503, 504], "excluded_lines": []}, "": {"executed_lines": [2, 13, 15, 16, 17, 18, 19, 20, 21, 23, 29, 30, 31, 32, 33, 34, 35, 38, 39, 40, 41, 42, 43, 44, 45, 46, 47, 48, 51, 52, 53, 58, 59, 60, 61, 64, 65, 74, 89, 134, 173, 227, 237, 244, 262, 301, 328, 338, 355, 372, 400, 405, 406, 413, 427, 443, 459, 481], "summary": {"covered_lines": 51, "num_statements": 51, "percent_covered": 100.0, "percent_covered_display": "100", "missing_lines": 0, "excluded_lines": 4, "percent_statements_covered": 100.0, "percent_statements_covered_display": "100"}, "missing_lines": [], "excluded_lines": [23, 24, 25, 26]}}, "classes": {"RunPhase": {"executed_lines": [], "summary": {"covered_lines": 0, "num_statements": 0, "percent_covered": 100.0, "percent_covered_display": "100", "missing_lines": 0, "excluded_lines": 0, "percent_statements_covered": 100.0, "percent_statements_covered_display": "100"}, "missing_lines": [], "excluded_lines": []}, "FailureContext": {"executed_lines": [], "summary": {"covered_lines": 0, "num_statements": 0, "percent_covered": 100.0, "percent_covered_display": "100", "missing_lines": 0, "excluded_lines": 0, "percent_statements_covered": 100.0, "percent_statements_covered_display": "100"}, "missing_lines": [], "excluded_lines": []}, "TelemetryContext": {"executed_lines": [], "summary": {"covered_lines": 0, "num_statements": 0, "percent_covered": 100.0, "percent_covered_display": "100", "missing_lines": 0, "excluded_lines": 0, "percent_statements_covered": 100.0, "percent_statements_covered_display": "100"}, "missing_lines": [], "excluded_lines": []}, "TelemetryService": {"executed_lines": [86, 87], "summary": {"covered_lines": 2, "num_statements": 87, "percent_covered": 2.2988505747126435, "percent_covered_display": "2", "missing_lines": 85, "excluded_lines": 0, "percent_statements_covered": 2.2988505747126435, "percent_statements_covered_display": "2"}, "missing_lines": [106, 107, 110, 111, 112, 117, 119, 122, 123, 126, 127, 128, 129, 130, 131, 132, 151, 152, 158, 159, 166, 167, 169, 170, 171, 186, 188, 189, 192, 193, 194, 195, 196, 197, 200, 201, 202, 203, 204, 208, 209, 210, 211, 212, 213, 214, 217, 222, 223, 229, 230, 231, 232, 233, 234, 235, 239, 240, 241, 242, 252, 253, 254, 255, 256, 257, 258, 259, 260, 270, 271, 273, 299, 316, 317, 321, 322, 323, 336, 353, 370, 390, 391, 398, 402], "excluded_lines": []}, "TelemetryClient": {"executed_lines": [], "summary": {"covered_lines": 0, "num_statements": 23, "percent_covered": 0.0, "percent_covered_display": "0", "missing_lines": 23, "excluded_lines": 0, "percent_statements_covered": 0.0, "percent_statements_covered_display": "0"}, "missing_lines": [421, 422, 424, 425, 441, 457, 473, 474, 475, 476, 477, 479, 498, 501, 502, 506, 507, 508, 509, 510, 511, 512, 515], "excluded_lines": []}, "TelemetryClient.write_fail_snapshot.ErrorWrapper": {"executed_lines": [], "summary": {"covered_lines": 0, "num_statements": 2, "percent_covered": 0.0, "percent_covered_display": "0", "missing_lines": 2, "excluded_lines": 0, "percent_statements_covered": 0.0, "percent_statements_covered_display": "0"}, "missing_lines": [503, 504], "excluded_lines": []}, "": {"executed_lines": [2, 13, 15, 16, 17, 18, 19, 20, 21, 23, 29, 30, 31, 32, 33, 34, 35, 38, 39, 40, 41, 42, 43, 44, 45, 46, 47, 48, 51, 52, 53, 58, 59, 60, 61, 64, 65, 74, 89, 134, 173, 227, 237, 244, 262, 301, 328, 338, 355, 372, 400, 405, 406, 413, 427, 443, 459, 481], "summary": {"covered_lines": 51, "num_statements": 51, "percent_covered": 100.0, "percent_covered_display": "100", "missing_lines": 0, "excluded_lines": 4, "percent_statements_covered": 100.0, "percent_statements_covered_display": "100"}, "missing_lines": [], "excluded_lines": [23, 24, 25, 26]}}}, "app/agents/browser/ui_helpers.py": {"executed_lines": [], "summary": {"covered_lines": 0, "num_statements": 160, "percent_covered": 0.0, "percent_covered_display": "0", "missing_lines": 160, "excluded_lines": 0, "percent_statements_covered": 0.0, "percent_statements_covered_display": "0"}, "missing_lines": [14, 15, 16, 17, 18, 20, 23, 25, 28, 36, 37, 38, 39, 40, 41, 42, 45, 47, 48, 56, 57, 60, 65, 66, 75, 76, 77, 78, 79, 80, 81, 82, 83, 84, 85, 86, 87, 88, 89, 90, 91, 92, 93, 96, 104, 105, 106, 107, 108, 109, 110, 111, 112, 116, 117, 118, 119, 120, 123, 128, 129, 138, 139, 140, 141, 142, 143, 144, 145, 146, 147, 150, 158, 165, 166, 167, 168, 169, 170, 171, 173, 174, 175, 176, 177, 178, 179, 180, 181, 182, 183, 184, 185, 186, 188, 189, 190, 194, 195, 196, 198, 199, 200, 201, 202, 204, 215, 216, 217, 218, 219, 221, 228, 229, 230, 231, 233, 234, 235, 236, 237, 239, 240, 251, 252, 253, 254, 257, 259, 260, 263, 265, 266, 267, 268, 269, 270, 271, 272, 273, 274, 275, 276, 279, 281, 282, 283, 284, 285, 286, 287, 288, 289, 290, 291, 292, 293, 294, 295, 296], "excluded_lines": [], "functions": {"_dedupe_keep_order": {"executed_lines": [], "summary": {"covered_lines": 0, "num_statements": 1, "percent_covered": 0.0, "percent_covered_display": "0", "missing_lines": 1, "excluded_lines": 0, "percent_statements_covered": 0.0, "percent_statements_covered_display": "0"}, "missing_lines": [25], "excluded_lines": []}, "safe_wait_selector": {"executed_lines": [], "summary": {"covered_lines": 0, "num_statements": 7, "percent_covered": 0.0, "percent_covered_display": "0", "missing_lines": 7, "excluded_lines": 0, "percent_statements_covered": 0.0, "percent_statements_covered_display": "0"}, "missing_lines": [36, 37, 38, 39, 40, 41, 42], "excluded_lines": []}, "kill_overlays": {"executed_lines": [], "summary": {"covered_lines": 0, "num_statements": 4, "percent_covered": 0.0, "percent_covered_display": "0", "missing_lines": 4, "excluded_lines": 0, "percent_statements_covered": 0.0, "percent_statements_covered_display": "0"}, "missing_lines": [47, 48, 56, 57], "excluded_lines": []}, "click_continue_shopping_if_present": {"executed_lines": [], "summary": {"covered_lines": 0, "num_statements": 21, "percent_covered": 0.0, "percent_covered_display": "0", "missing_lines": 21, "excluded_lines": 0, "percent_statements_covered": 0.0, "percent_statements_covered_display": "0"}, "missing_lines": [65, 66, 75, 76, 77, 78, 79, 80, 81, 82, 83, 84, 85, 86, 87, 88, 89, 90, 91, 92, 93], "excluded_lines": []}, "pause_for_operator": {"executed_lines": [], "summary": {"covered_lines": 0, "num_statements": 14, "percent_covered": 0.0, "percent_covered_display": "0", "missing_lines": 14, "excluded_lines": 0, "percent_statements_covered": 0.0, "percent_statements_covered_display": "0"}, "missing_lines": [104, 105, 106, 107, 108, 109, 110, 111, 112, 116, 117, 118, 119, 120], "excluded_lines": []}, "accept_cookies_if_present": {"executed_lines": [], "summary": {"covered_lines": 0, "num_statements": 12, "percent_covered": 0.0, "percent_covered_display": "0", "missing_lines": 12, "excluded_lines": 0, "percent_statements_covered": 0.0, "percent_statements_covered_display": "0"}, "missing_lines": [128, 129, 138, 139, 140, 141, 142, 143, 144, 145, 146, 147], "excluded_lines": []}, "dismiss_geo_modal": {"executed_lines": [], "summary": {"covered_lines": 0, "num_statements": 37, "percent_covered": 0.0, "percent_covered_display": "0", "missing_lines": 37, "excluded_lines": 0, "percent_statements_covered": 0.0, "percent_statements_covered_display": "0"}, "missing_lines": [158, 165, 166, 167, 168, 169, 170, 171, 173, 188, 198, 199, 200, 201, 202, 204, 215, 216, 217, 218, 219, 221, 228, 229, 230, 231, 233, 234, 235, 236, 237, 239, 240, 251, 252, 253, 254], "excluded_lines": []}, "dismiss_geo_modal._click_first": {"executed_lines": [], "summary": {"covered_lines": 0, "num_statements": 13, "percent_covered": 0.0, "percent_covered_display": "0", "missing_lines": 13, "excluded_lines": 0, "percent_statements_covered": 0.0, "percent_statements_covered_display": "0"}, "missing_lines": [174, 175, 176, 177, 178, 179, 180, 181, 182, 183, 184, 185, 186], "excluded_lines": []}, "dismiss_geo_modal._wait_for_en_int": {"executed_lines": [], "summary": {"covered_lines": 0, "num_statements": 5, "percent_covered": 0.0, "percent_covered_display": "0", "missing_lines": 5, "excluded_lines": 0, "percent_statements_covered": 0.0, "percent_statements_covered_display": "0"}, "missing_lines": [189, 190, 194, 195, 196], "excluded_lines": []}, "human_like_pause": {"executed_lines": [], "summary": {"covered_lines": 0, "num_statements": 2, "percent_covered": 0.0, "percent_covered_display": "0", "missing_lines": 2, "excluded_lines": 0, "percent_statements_covered": 0.0, "percent_statements_covered_display": "0"}, "missing_lines": [259, 260], "excluded_lines": []}, "human_like_mouse_move": {"executed_lines": [], "summary": {"covered_lines": 0, "num_statements": 12, "percent_covered": 0.0, "percent_covered_display": "0", "missing_lines": 12, "excluded_lines": 0, "percent_statements_covered": 0.0, "percent_statements_covered_display": "0"}, "missing_lines": [265, 266, 267, 268, 269, 270, 271, 272, 273, 274, 275, 276], "excluded_lines": []}, "human_like_scroll": {"executed_lines": [], "summary": {"covered_lines": 0, "num_statements": 16, "percent_covered": 0.0, "percent_covered_display": "0", "missing_lines": 16, "excluded_lines": 0, "percent_statements_covered": 0.0, "percent_statements_covered_display": "0"}, "missing_lines": [281, 282, 283, 284, 285, 286, 287, 288, 289, 290, 291, 292, 293, 294, 295, 296], "excluded_lines": []}, "": {"executed_lines": [], "summary": {"covered_lines": 0, "num_statements": 16, "percent_covered": 0.0, "percent_covered_display": "0", "missing_lines": 16, "excluded_lines": 0, "percent_statements_covered": 0.0, "percent_statements_covered_display": "0"}, "missing_lines": [14, 15, 16, 17, 18, 20, 23, 28, 45, 60, 96, 123, 150, 257, 263, 279], "excluded_lines": []}}, "classes": {"": {"executed_lines": [], "summary": {"covered_lines": 0, "num_statements": 160, "percent_covered": 0.0, "percent_covered_display": "0", "missing_lines": 160, "excluded_lines": 0, "percent_statements_covered": 0.0, "percent_statements_covered_display": "0"}, "missing_lines": [14, 15, 16, 17, 18, 20, 23, 25, 28, 36, 37, 38, 39, 40, 41, 42, 45, 47, 48, 56, 57, 60, 65, 66, 75, 76, 77, 78, 79, 80, 81, 82, 83, 84, 85, 86, 87, 88, 89, 90, 91, 92, 93, 96, 104, 105, 106, 107, 108, 109, 110, 111, 112, 116, 117, 118, 119, 120, 123, 128, 129, 138, 139, 140, 141, 142, 143, 144, 145, 146, 147, 150, 158, 165, 166, 167, 168, 169, 170, 171, 173, 174, 175, 176, 177, 178, 179, 180, 181, 182, 183, 184, 185, 186, 188, 189, 190, 194, 195, 196, 198, 199, 200, 201, 202, 204, 215, 216, 217, 218, 219, 221, 228, 229, 230, 231, 233, 234, 235, 236, 237, 239, 240, 251, 252, 253, 254, 257, 259, 260, 263, 265, 266, 267, 268, 269, 270, 271, 272, 273, 274, 275, 276, 279, 281, 282, 283, 284, 285, 286, 287, 288, 289, 290, 291, 292, 293, 294, 295, 296], "excluded_lines": []}}}}, "totals": {"covered_lines": 212, "num_statements": 1810, "percent_covered": 11.712707182320441, "percent_covered_display": "12", "missing_lines": 1598, "excluded_lines": 6, "percent_statements_covered": 11.712707182320441, "percent_statements_covered_display": "12"}}